<?xml version="1.0" encoding="UTF-8"?>
<!-- Generated by org.testng.reporters.JUnitReportReporter -->
<testsuite skipped="0" hostname="BLR-MXH0619A-2" name="com.qa.tests.DemoTestMaven" tests="4" failures="0" timestamp="04 Dec 2018 12:48:02 GMT" time="0.015" errors="0">
  <testcase name="sub" time="0.001" classname="com.qa.tests.DemoTestMaven"/>
  <testcase name="sum" time="0.002" classname="com.qa.tests.DemoTestMaven"/>
  <testcase name="mul" time="0.001" classname="com.qa.tests.DemoTestMaven"/>
  <testcase name="div" time="0.011" classname="com.qa.tests.DemoTestMaven"/>
</testsuite> <!-- com.qa.tests.DemoTestMaven -->
